2023-03/08 15:08:16 INFO  Log:18 - ========loginTestTEST START==========
2023-03/08 15:08:16 INFO  Log:24 - User is going to enter username and password
2023-03/08 15:08:17 INFO  Log:24 - User is successfully entered properties
2023-03/08 15:08:17 INFO  Log:24 - User is successfully compare actual and expected URLs
2023-03/08 15:08:17 INFO  Log:24 - loginTest is passed
2023-03/08 15:08:17 INFO  Log:21 - ========loginTestTEST END=========
2023-03/08 15:10:30 INFO  Log:18 - ========selectJacketTestTEST START==========
2023-03/08 15:10:31 INFO  Log:24 - User successfully selected the Jacket
2023-03/08 15:10:31 INFO  Log:24 - selectJacketTest is passed
2023-03/08 15:10:31 INFO  Log:21 - ========selectJacketTestTEST END=========
2023-03/08 15:10:36 INFO  Log:18 - ========verifyMyLogoTEST START==========
2023-03/08 15:10:37 INFO  Log:24 - User is successfully verify's the Logo
2023-03/08 15:10:37 INFO  Log:21 - ========verifyMyLogoTEST END=========
2023-03/08 15:13:24 INFO  Log:18 - ========AddToCartTestTEST START==========
2023-03/08 15:13:26 INFO  Log:24 - User is successfully clicking the AddtoCart
2023-03/08 15:13:26 INFO  Log:24 - AddToCartTest is Passed
2023-03/08 15:13:26 INFO  Log:21 - ========AddToCartTestTEST END=========
2023-03/08 15:13:29 INFO  Log:18 - ========verifyShoppingCartTEST START==========
2023-03/08 15:13:30 INFO  Log:24 - User successfully verifying the shopping cart
2023-03/08 15:13:30 INFO  Log:24 - verifyShoppingCart is Passed
2023-03/08 15:13:30 INFO  Log:21 - ========verifyShoppingCartTEST END=========
2023-03/08 15:14:52 INFO  Log:18 - ========ShoppingCartPageTestTEST START==========
2023-03/08 15:14:54 INFO  Log:24 - User is successfully clicking the checkout
2023-03/08 15:14:54 INFO  Log:24 - ShoppingCartPageTest is Passed
2023-03/08 15:14:54 INFO  Log:21 - ========ShoppingCartPageTestTEST END=========
2023-03/08 15:16:16 INFO  Log:18 - ========AddressPageTestTEST START==========
2023-03/08 15:16:18 INFO  Log:24 - User is successfully entered Address
2023-03/08 15:16:18 INFO  Log:24 - AddressPageTest is Passed
2023-03/08 15:16:18 INFO  Log:21 - ========AddressPageTestTEST END=========
2023-03/08 15:20:55 INFO  Log:18 - ========CheckOutPageTestTEST START==========
2023-03/08 15:20:56 INFO  Log:24 - User successfully entered the username and password
2023-03/08 15:20:56 INFO  Log:24 - User successfully selected the FleeceJacket
2023-03/08 15:20:56 INFO  Log:24 - User clicking the AddToCart 
2023-03/08 15:20:57 INFO  Log:24 - user successfully clickon the checkout
2023-03/08 15:20:57 INFO  Log:24 - User is successfully entered the Address
2023-03/08 15:20:58 INFO  Log:24 - User is successfully click the finish
2023-03/08 15:20:58 INFO  Log:24 - User is successfully verifying the successMSG
2023-03/08 15:20:58 INFO  Log:24 - CheckOutPageTest is Passed
2023-03/08 15:20:58 INFO  Log:21 - ========CheckOutPageTestTEST END=========
2023-03/08 15:50:55 INFO  Log:18 - ========AddToCartTestTEST START==========
2023-03/08 15:50:56 INFO  Log:24 - User is successfully clicking the AddtoCart
2023-03/08 15:50:56 INFO  Log:24 - AddToCartTest is Passed
2023-03/08 15:50:56 INFO  Log:21 - ========AddToCartTestTEST END=========
2023-03/08 15:51:00 INFO  Log:18 - ========verifyShoppingCartTEST START==========
2023-03/08 15:51:01 INFO  Log:24 - User successfully verifying the shopping cart
2023-03/08 15:51:01 INFO  Log:24 - verifyShoppingCart is Passed
2023-03/08 15:51:01 INFO  Log:21 - ========verifyShoppingCartTEST END=========
2023-03/08 15:51:04 INFO  Log:18 - ========CheckOutPageTestTEST START==========
2023-03/08 15:51:05 INFO  Log:24 - User successfully entered the username and password
2023-03/08 15:51:05 INFO  Log:24 - User successfully selected the FleeceJacket
2023-03/08 15:51:06 INFO  Log:24 - User clicking the AddToCart 
2023-03/08 15:51:06 INFO  Log:24 - user successfully clickon the checkout
2023-03/08 15:51:07 INFO  Log:24 - User is successfully entered the Address
2023-03/08 15:51:07 INFO  Log:24 - User is successfully click the finish
2023-03/08 15:51:07 INFO  Log:24 - User is successfully verifying the successMSG
2023-03/08 15:51:07 INFO  Log:24 - CheckOutPageTest is Passed
2023-03/08 15:51:07 INFO  Log:21 - ========CheckOutPageTestTEST END=========
2023-03/08 15:51:11 INFO  Log:18 - ========ShoppingCartPageTestTEST START==========
2023-03/08 15:51:12 INFO  Log:24 - User is successfully clicking the checkout
2023-03/08 15:51:12 INFO  Log:24 - ShoppingCartPageTest is Passed
2023-03/08 15:51:12 INFO  Log:21 - ========ShoppingCartPageTestTEST END=========
2023-03/08 15:51:16 INFO  Log:18 - ========loginTestTEST START==========
2023-03/08 15:51:16 INFO  Log:24 - User is going to enter username and password
2023-03/08 15:51:17 INFO  Log:24 - User is successfully entered properties
2023-03/08 15:51:20 INFO  Log:18 - ========loginTestTEST START==========
2023-03/08 15:51:20 INFO  Log:24 - User is going to enter username and password
2023-03/08 15:51:21 INFO  Log:24 - User is successfully entered properties
2023-03/08 15:51:24 INFO  Log:18 - ========loginTestTEST START==========
2023-03/08 15:51:24 INFO  Log:24 - User is going to enter username and password
2023-03/08 15:51:25 INFO  Log:24 - User is successfully entered properties
2023-03/08 15:51:28 INFO  Log:18 - ========loginTestTEST START==========
2023-03/08 15:51:28 INFO  Log:24 - User is going to enter username and password
2023-03/08 15:51:29 INFO  Log:24 - User is successfully entered properties
2023-03/08 15:51:32 INFO  Log:18 - ========selectJacketTestTEST START==========
2023-03/08 15:51:33 INFO  Log:24 - User successfully selected the Jacket
2023-03/08 15:51:33 INFO  Log:24 - selectJacketTest is passed
2023-03/08 15:51:33 INFO  Log:21 - ========selectJacketTestTEST END=========
2023-03/08 15:51:37 INFO  Log:18 - ========verifyMyLogoTEST START==========
2023-03/08 15:51:37 INFO  Log:24 - User is successfully verify's the Logo
2023-03/08 15:51:37 INFO  Log:21 - ========verifyMyLogoTEST END=========
2023-03/08 15:51:41 INFO  Log:18 - ========AddressPageTestTEST START==========
2023-03/08 15:51:43 INFO  Log:24 - User is successfully entered Address
2023-03/08 15:51:43 INFO  Log:24 - AddressPageTest is Passed
2023-03/08 15:51:43 INFO  Log:21 - ========AddressPageTestTEST END=========
2023-03/08 16:01:52 INFO  Log:18 - ========AddToCartTestTEST START==========
2023-03/08 16:01:53 INFO  Log:24 - User is successfully clicking the AddtoCart
2023-03/08 16:01:53 INFO  Log:24 - AddToCartTest is Passed
2023-03/08 16:01:53 INFO  Log:21 - ========AddToCartTestTEST END=========
2023-03/08 16:01:56 INFO  Log:18 - ========verifyShoppingCartTEST START==========
2023-03/08 16:01:58 INFO  Log:24 - User successfully verifying the shopping cart
2023-03/08 16:01:58 INFO  Log:24 - verifyShoppingCart is Passed
2023-03/08 16:01:58 INFO  Log:21 - ========verifyShoppingCartTEST END=========
2023-03/08 16:02:01 INFO  Log:18 - ========CheckOutPageTestTEST START==========
2023-03/08 16:02:02 INFO  Log:24 - User successfully entered the username and password
2023-03/08 16:02:02 INFO  Log:24 - User successfully selected the FleeceJacket
2023-03/08 16:02:02 INFO  Log:24 - User clicking the AddToCart 
2023-03/08 16:02:03 INFO  Log:24 - user successfully clickon the checkout
2023-03/08 16:02:03 INFO  Log:24 - User is successfully entered the Address
2023-03/08 16:02:03 INFO  Log:24 - User is successfully click the finish
2023-03/08 16:02:04 INFO  Log:24 - User is successfully verifying the successMSG
2023-03/08 16:02:04 INFO  Log:24 - CheckOutPageTest is Passed
2023-03/08 16:02:04 INFO  Log:21 - ========CheckOutPageTestTEST END=========
2023-03/08 16:02:07 INFO  Log:18 - ========ShoppingCartPageTestTEST START==========
2023-03/08 16:02:08 INFO  Log:24 - User is successfully clicking the checkout
2023-03/08 16:02:08 INFO  Log:24 - ShoppingCartPageTest is Passed
2023-03/08 16:02:08 INFO  Log:21 - ========ShoppingCartPageTestTEST END=========
2023-03/08 16:02:12 INFO  Log:18 - ========loginTestTEST START==========
2023-03/08 16:02:12 INFO  Log:24 - User is going to enter username and password
2023-03/08 16:02:13 INFO  Log:24 - User is successfully entered properties
2023-03/08 16:02:16 INFO  Log:18 - ========loginTestTEST START==========
2023-03/08 16:02:16 INFO  Log:24 - User is going to enter username and password
2023-03/08 16:02:17 INFO  Log:24 - User is successfully entered properties
2023-03/08 16:02:21 INFO  Log:18 - ========loginTestTEST START==========
2023-03/08 16:02:21 INFO  Log:24 - User is going to enter username and password
2023-03/08 16:02:21 INFO  Log:24 - User is successfully entered properties
2023-03/08 16:02:25 INFO  Log:18 - ========loginTestTEST START==========
2023-03/08 16:02:25 INFO  Log:24 - User is going to enter username and password
2023-03/08 16:02:26 INFO  Log:24 - User is successfully entered properties
2023-03/08 16:02:29 INFO  Log:18 - ========selectJacketTestTEST START==========
2023-03/08 16:02:30 INFO  Log:24 - User successfully selected the Jacket
2023-03/08 16:02:30 INFO  Log:24 - selectJacketTest is passed
2023-03/08 16:02:30 INFO  Log:21 - ========selectJacketTestTEST END=========
2023-03/08 16:02:33 INFO  Log:18 - ========verifyMyLogoTEST START==========
2023-03/08 16:02:34 INFO  Log:24 - User is successfully verify's the Logo
2023-03/08 16:02:34 INFO  Log:21 - ========verifyMyLogoTEST END=========
2023-03/08 16:02:38 INFO  Log:18 - ========AddressPageTestTEST START==========
2023-03/08 16:02:40 INFO  Log:24 - User is successfully entered Address
2023-03/08 16:02:40 INFO  Log:24 - AddressPageTest is Passed
2023-03/08 16:02:40 INFO  Log:21 - ========AddressPageTestTEST END=========
2023-03/08 16:15:27 INFO  Log:18 - ========AddToCartTestTEST START==========
2023-03/08 16:15:29 INFO  Log:24 - User is successfully clicking the AddtoCart
2023-03/08 16:15:29 INFO  Log:24 - AddToCartTest is Passed
2023-03/08 16:15:29 INFO  Log:21 - ========AddToCartTestTEST END=========
2023-03/08 16:15:32 INFO  Log:18 - ========verifyShoppingCartTEST START==========
2023-03/08 16:15:33 INFO  Log:24 - User successfully verifying the shopping cart
2023-03/08 16:15:33 INFO  Log:24 - verifyShoppingCart is Passed
2023-03/08 16:15:33 INFO  Log:21 - ========verifyShoppingCartTEST END=========
2023-03/08 16:15:37 INFO  Log:18 - ========CheckOutPageTestTEST START==========
2023-03/08 16:15:37 INFO  Log:24 - User successfully entered the username and password
2023-03/08 16:15:38 INFO  Log:24 - User successfully selected the FleeceJacket
2023-03/08 16:15:38 INFO  Log:24 - User clicking the AddToCart 
2023-03/08 16:15:38 INFO  Log:24 - user successfully clickon the checkout
2023-03/08 16:15:39 INFO  Log:24 - User is successfully entered the Address
2023-03/08 16:15:39 INFO  Log:24 - User is successfully click the finish
2023-03/08 16:15:39 INFO  Log:24 - User is successfully verifying the successMSG
2023-03/08 16:15:39 INFO  Log:24 - CheckOutPageTest is Passed
2023-03/08 16:15:39 INFO  Log:21 - ========CheckOutPageTestTEST END=========
2023-03/08 16:15:42 INFO  Log:18 - ========ShoppingCartPageTestTEST START==========
2023-03/08 16:15:44 INFO  Log:24 - User is successfully clicking the checkout
2023-03/08 16:15:44 INFO  Log:24 - ShoppingCartPageTest is Passed
2023-03/08 16:15:44 INFO  Log:21 - ========ShoppingCartPageTestTEST END=========
2023-03/08 16:15:48 INFO  Log:18 - ========loginTestTEST START==========
2023-03/08 16:15:48 INFO  Log:24 - User is going to enter username and password
2023-03/08 16:15:49 INFO  Log:24 - User is successfully entered properties
2023-03/08 16:15:53 INFO  Log:18 - ========loginTestTEST START==========
2023-03/08 16:15:53 INFO  Log:24 - User is going to enter username and password
2023-03/08 16:15:53 INFO  Log:24 - User is successfully entered properties
2023-03/08 16:15:57 INFO  Log:18 - ========loginTestTEST START==========
2023-03/08 16:15:57 INFO  Log:24 - User is going to enter username and password
2023-03/08 16:15:57 INFO  Log:24 - User is successfully entered properties
2023-03/08 16:16:01 INFO  Log:18 - ========loginTestTEST START==========
2023-03/08 16:16:01 INFO  Log:24 - User is going to enter username and password
2023-03/08 16:16:02 INFO  Log:24 - User is successfully entered properties
2023-03/08 16:16:05 INFO  Log:18 - ========verifyMyLogoTEST START==========
2023-03/08 16:16:06 INFO  Log:24 - User is successfully verify's the Logo
2023-03/08 16:16:06 INFO  Log:21 - ========verifyMyLogoTEST END=========
2023-03/08 16:16:09 INFO  Log:18 - ========AddressPageTestTEST START==========
2023-03/08 16:16:11 INFO  Log:24 - User is successfully entered Address
2023-03/08 16:16:11 INFO  Log:24 - AddressPageTest is Passed
2023-03/08 16:16:11 INFO  Log:21 - ========AddressPageTestTEST END=========
2023-03/08 16:18:12 INFO  Log:18 - ========AddToCartTestTEST START==========
2023-03/08 16:18:14 INFO  Log:24 - User is successfully clicking the AddtoCart
2023-03/08 16:18:14 INFO  Log:24 - AddToCartTest is Passed
2023-03/08 16:18:14 INFO  Log:21 - ========AddToCartTestTEST END=========
2023-03/08 16:18:17 INFO  Log:18 - ========ShoppingCartPageTestTEST START==========
2023-03/08 16:18:19 INFO  Log:24 - User is successfully clicking the checkout
2023-03/08 16:18:19 INFO  Log:24 - ShoppingCartPageTest is Passed
2023-03/08 16:18:19 INFO  Log:21 - ========ShoppingCartPageTestTEST END=========
2023-03/08 16:18:22 INFO  Log:18 - ========AddressPageTestTEST START==========
2023-03/08 16:18:25 INFO  Log:24 - User is successfully entered Address
2023-03/08 16:18:25 INFO  Log:24 - AddressPageTest is Passed
2023-03/08 16:18:25 INFO  Log:21 - ========AddressPageTestTEST END=========
2023-03/08 16:18:29 INFO  Log:18 - ========loginTestTEST START==========
2023-03/08 16:18:29 INFO  Log:24 - User is going to enter username and password
2023-03/08 16:18:29 INFO  Log:24 - User is successfully entered properties
2023-03/08 16:18:33 INFO  Log:18 - ========loginTestTEST START==========
2023-03/08 16:18:33 INFO  Log:24 - User is going to enter username and password
2023-03/08 16:18:34 INFO  Log:24 - User is successfully entered properties
2023-03/08 16:18:37 INFO  Log:18 - ========loginTestTEST START==========
2023-03/08 16:18:37 INFO  Log:24 - User is going to enter username and password
2023-03/08 16:18:38 INFO  Log:24 - User is successfully entered properties
2023-03/08 16:18:41 INFO  Log:18 - ========loginTestTEST START==========
2023-03/08 16:18:41 INFO  Log:24 - User is going to enter username and password
2023-03/08 16:18:42 INFO  Log:24 - User is successfully entered properties
2023-03/08 16:20:13 INFO  Log:18 - ========CheckOutPageTestTEST START==========
2023-03/08 16:20:14 INFO  Log:24 - User successfully entered the username and password
2023-03/08 16:20:15 INFO  Log:24 - User successfully selected the FleeceJacket
2023-03/08 16:20:15 INFO  Log:24 - User clicking the AddToCart 
2023-03/08 16:20:15 INFO  Log:24 - user successfully clickon the checkout
2023-03/08 16:20:16 INFO  Log:24 - User is successfully entered the Address
2023-03/08 16:20:16 INFO  Log:24 - User is successfully click the finish
2023-03/08 16:20:16 INFO  Log:24 - User is successfully verifying the successMSG
2023-03/08 16:20:16 INFO  Log:24 - CheckOutPageTest is Passed
2023-03/08 16:20:16 INFO  Log:21 - ========CheckOutPageTestTEST END=========
2023-03/08 16:23:55 INFO  Log:18 - ========AddToCartTestTEST START==========
2023-03/08 16:23:57 INFO  Log:24 - User is successfully clicking the AddtoCart
2023-03/08 16:23:57 INFO  Log:24 - AddToCartTest is Passed
2023-03/08 16:23:57 INFO  Log:21 - ========AddToCartTestTEST END=========
2023-03/08 16:24:00 INFO  Log:18 - ========verifyShoppingCartTEST START==========
2023-03/08 16:24:01 INFO  Log:24 - User successfully verifying the shopping cart
2023-03/08 16:24:01 INFO  Log:24 - verifyShoppingCart is Passed
2023-03/08 16:24:01 INFO  Log:21 - ========verifyShoppingCartTEST END=========
2023-03/08 16:24:05 INFO  Log:18 - ========CheckOutPageTestTEST START==========
2023-03/08 16:24:05 INFO  Log:24 - User successfully entered the username and password
2023-03/08 16:24:06 INFO  Log:24 - User successfully selected the FleeceJacket
2023-03/08 16:24:06 INFO  Log:24 - User clicking the AddToCart 
2023-03/08 16:24:06 INFO  Log:24 - user successfully clickon the checkout
2023-03/08 16:24:07 INFO  Log:24 - User is successfully entered the Address
2023-03/08 16:24:07 INFO  Log:24 - User is successfully click the finish
2023-03/08 16:24:07 INFO  Log:24 - User is successfully verifying the successMSG
2023-03/08 16:24:07 INFO  Log:24 - CheckOutPageTest is Passed
2023-03/08 16:24:07 INFO  Log:21 - ========CheckOutPageTestTEST END=========
2023-03/08 16:24:11 INFO  Log:18 - ========ShoppingCartPageTestTEST START==========
2023-03/08 16:24:12 INFO  Log:24 - User is successfully clicking the checkout
2023-03/08 16:24:12 INFO  Log:24 - ShoppingCartPageTest is Passed
2023-03/08 16:24:12 INFO  Log:21 - ========ShoppingCartPageTestTEST END=========
2023-03/08 16:24:16 INFO  Log:18 - ========loginTestTEST START==========
2023-03/08 16:24:16 INFO  Log:24 - User is going to enter username and password
2023-03/08 16:24:17 INFO  Log:24 - User is successfully entered properties
2023-03/08 16:24:21 INFO  Log:18 - ========loginTestTEST START==========
2023-03/08 16:24:21 INFO  Log:24 - User is going to enter username and password
2023-03/08 16:24:21 INFO  Log:24 - User is successfully entered properties
2023-03/08 16:24:25 INFO  Log:18 - ========loginTestTEST START==========
2023-03/08 16:24:25 INFO  Log:24 - User is going to enter username and password
2023-03/08 16:24:26 INFO  Log:24 - User is successfully entered properties
2023-03/08 16:24:29 INFO  Log:18 - ========loginTestTEST START==========
2023-03/08 16:24:29 INFO  Log:24 - User is going to enter username and password
2023-03/08 16:24:30 INFO  Log:24 - User is successfully entered properties
2023-03/08 16:24:33 INFO  Log:18 - ========selectJacketTestTEST START==========
2023-03/08 16:24:34 INFO  Log:24 - User successfully selected the Jacket
2023-03/08 16:24:34 INFO  Log:24 - selectJacketTest is passed
2023-03/08 16:24:34 INFO  Log:21 - ========selectJacketTestTEST END=========
2023-03/08 16:24:37 INFO  Log:18 - ========verifyMyLogoTEST START==========
2023-03/08 16:24:38 INFO  Log:24 - User is successfully verify's the Logo
2023-03/08 16:24:38 INFO  Log:21 - ========verifyMyLogoTEST END=========
2023-03/08 16:24:42 INFO  Log:18 - ========AddressPageTestTEST START==========
2023-03/08 16:24:44 INFO  Log:24 - User is successfully entered Address
2023-03/08 16:24:44 INFO  Log:24 - AddressPageTest is Passed
2023-03/08 16:24:44 INFO  Log:21 - ========AddressPageTestTEST END=========
2023-03/08 16:24:52 INFO  Log:18 - ========AddToCartTestTEST START==========
2023-03/08 16:24:53 INFO  Log:24 - User is successfully clicking the AddtoCart
2023-03/08 16:24:53 INFO  Log:24 - AddToCartTest is Passed
2023-03/08 16:24:53 INFO  Log:21 - ========AddToCartTestTEST END=========
2023-03/08 16:25:00 INFO  Log:18 - ========verifyShoppingCartTEST START==========
2023-03/08 16:25:01 INFO  Log:24 - User successfully verifying the shopping cart
2023-03/08 16:25:01 INFO  Log:24 - verifyShoppingCart is Passed
2023-03/08 16:25:01 INFO  Log:21 - ========verifyShoppingCartTEST END=========
2023-03/08 16:25:08 INFO  Log:18 - ========CheckOutPageTestTEST START==========
2023-03/08 16:25:09 INFO  Log:24 - User successfully entered the username and password
2023-03/08 16:25:09 INFO  Log:24 - User successfully selected the FleeceJacket
2023-03/08 16:25:10 INFO  Log:24 - User clicking the AddToCart 
2023-03/08 16:25:10 INFO  Log:24 - user successfully clickon the checkout
2023-03/08 16:25:17 INFO  Log:18 - ========ShoppingCartPageTestTEST START==========
2023-03/08 16:25:19 INFO  Log:24 - User is successfully clicking the checkout
2023-03/08 16:25:19 INFO  Log:24 - ShoppingCartPageTest is Passed
2023-03/08 16:25:19 INFO  Log:21 - ========ShoppingCartPageTestTEST END=========
2023-03/08 16:25:26 INFO  Log:18 - ========loginTestTEST START==========
2023-03/08 16:25:26 INFO  Log:24 - User is going to enter username and password
2023-03/08 16:25:27 INFO  Log:24 - User is successfully entered properties
2023-03/08 16:25:34 INFO  Log:18 - ========loginTestTEST START==========
2023-03/08 16:25:34 INFO  Log:24 - User is going to enter username and password
2023-03/08 16:25:35 INFO  Log:24 - User is successfully entered properties
2023-03/08 16:25:41 INFO  Log:18 - ========loginTestTEST START==========
2023-03/08 16:25:41 INFO  Log:24 - User is going to enter username and password
2023-03/08 16:25:42 INFO  Log:24 - User is successfully entered properties
2023-03/08 16:25:50 INFO  Log:18 - ========loginTestTEST START==========
2023-03/08 16:25:50 INFO  Log:24 - User is going to enter username and password
2023-03/08 16:25:51 INFO  Log:24 - User is successfully entered properties
2023-03/08 16:25:58 INFO  Log:18 - ========selectJacketTestTEST START==========
2023-03/08 16:25:59 INFO  Log:24 - User successfully selected the Jacket
2023-03/08 16:25:59 INFO  Log:24 - selectJacketTest is passed
2023-03/08 16:25:59 INFO  Log:21 - ========selectJacketTestTEST END=========
2023-03/08 16:26:06 INFO  Log:18 - ========verifyMyLogoTEST START==========
2023-03/08 16:26:07 INFO  Log:24 - User is successfully verify's the Logo
2023-03/08 16:26:07 INFO  Log:21 - ========verifyMyLogoTEST END=========
2023-03/08 16:26:13 INFO  Log:18 - ========AddressPageTestTEST START==========
2023-03/08 16:31:54 INFO  Log:18 - ========loginTestTEST START==========
2023-03/08 16:31:54 INFO  Log:24 - User is going to enter username and password
2023-03/08 16:31:58 INFO  Log:24 - User is successfully entered properties
2023-03/08 16:32:02 INFO  Log:18 - ========loginTestTEST START==========
2023-03/08 16:32:02 INFO  Log:24 - User is going to enter username and password
2023-03/08 16:32:03 INFO  Log:24 - User is successfully entered properties
2023-03/08 16:32:05 INFO  Log:18 - ========loginTestTEST START==========
2023-03/08 16:32:05 INFO  Log:24 - User is going to enter username and password
2023-03/08 16:32:06 INFO  Log:24 - User is successfully entered properties
2023-03/08 16:32:11 INFO  Log:18 - ========loginTestTEST START==========
2023-03/08 16:32:11 INFO  Log:24 - User is going to enter username and password
2023-03/08 16:32:12 INFO  Log:24 - User is successfully entered properties
2023-03/08 16:32:14 INFO  Log:18 - ========loginTestTEST START==========
2023-03/08 16:32:14 INFO  Log:24 - User is going to enter username and password
2023-03/08 16:32:15 INFO  Log:24 - User is successfully entered properties
2023-03/08 16:32:17 INFO  Log:18 - ========loginTestTEST START==========
2023-03/08 16:32:17 INFO  Log:24 - User is going to enter username and password
2023-03/08 16:32:18 INFO  Log:24 - User is successfully entered properties
2023-03/08 16:32:23 INFO  Log:18 - ========AddToCartTestTEST START==========
2023-03/08 16:32:26 INFO  Log:24 - User is successfully clicking the AddtoCart
2023-03/08 16:32:26 INFO  Log:24 - AddToCartTest is Passed
2023-03/08 16:32:26 INFO  Log:21 - ========AddToCartTestTEST END=========
2023-03/08 16:32:27 INFO  Log:18 - ========loginTestTEST START==========
2023-03/08 16:32:27 INFO  Log:24 - User is going to enter username and password
2023-03/08 16:32:27 INFO  Log:24 - User is successfully entered properties
2023-03/08 16:32:32 INFO  Log:18 - ========verifyShoppingCartTEST START==========
2023-03/08 16:32:36 INFO  Log:24 - User successfully verifying the shopping cart
2023-03/08 16:32:36 INFO  Log:24 - verifyShoppingCart is Passed
2023-03/08 16:32:36 INFO  Log:21 - ========verifyShoppingCartTEST END=========
2023-03/08 16:32:43 INFO  Log:18 - ========loginTestTEST START==========
2023-03/08 16:32:43 INFO  Log:24 - User is going to enter username and password
2023-03/08 16:32:44 INFO  Log:24 - User is successfully entered properties
2023-03/08 16:32:45 INFO  Log:18 - ========CheckOutPageTestTEST START==========
2023-03/08 16:32:46 INFO  Log:24 - User successfully entered the username and password
2023-03/08 16:32:47 INFO  Log:24 - User successfully selected the FleeceJacket
2023-03/08 16:32:47 INFO  Log:24 - User clicking the AddToCart 
2023-03/08 16:32:47 INFO  Log:24 - user successfully clickon the checkout
2023-03/08 16:32:48 INFO  Log:24 - User is successfully entered the Address
2023-03/08 16:32:48 INFO  Log:24 - User is successfully click the finish
2023-03/08 16:32:48 INFO  Log:24 - User is successfully verifying the successMSG
2023-03/08 16:32:48 INFO  Log:24 - CheckOutPageTest is Passed
2023-03/08 16:32:48 INFO  Log:21 - ========CheckOutPageTestTEST END=========
2023-03/08 16:32:54 INFO  Log:18 - ========ShoppingCartPageTestTEST START==========
2023-03/08 16:32:56 INFO  Log:18 - ========AddToCartTestTEST START==========
2023-03/08 16:32:56 INFO  Log:24 - User is successfully clicking the checkout
2023-03/08 16:32:56 INFO  Log:24 - ShoppingCartPageTest is Passed
2023-03/08 16:32:56 INFO  Log:21 - ========ShoppingCartPageTestTEST END=========
2023-03/08 16:32:57 INFO  Log:24 - User is successfully clicking the AddtoCart
2023-03/08 16:32:57 INFO  Log:24 - AddToCartTest is Passed
2023-03/08 16:32:57 INFO  Log:21 - ========AddToCartTestTEST END=========
2023-03/08 16:33:01 INFO  Log:18 - ========selectJacketTestTEST START==========
2023-03/08 16:33:02 INFO  Log:24 - User successfully selected the Jacket
2023-03/08 16:33:02 INFO  Log:24 - selectJacketTest is passed
2023-03/08 16:33:02 INFO  Log:21 - ========selectJacketTestTEST END=========
2023-03/08 16:33:07 INFO  Log:18 - ========verifyMyLogoTEST START==========
2023-03/08 16:33:08 INFO  Log:18 - ========verifyShoppingCartTEST START==========
2023-03/08 16:33:09 INFO  Log:24 - User is successfully verify's the Logo
2023-03/08 16:33:09 INFO  Log:21 - ========verifyMyLogoTEST END=========
2023-03/08 16:33:10 INFO  Log:24 - User successfully verifying the shopping cart
2023-03/08 16:33:10 INFO  Log:24 - verifyShoppingCart is Passed
2023-03/08 16:33:10 INFO  Log:21 - ========verifyShoppingCartTEST END=========
2023-03/08 16:33:17 INFO  Log:18 - ========AddressPageTestTEST START==========
2023-03/08 16:33:21 INFO  Log:24 - User is successfully entered Address
2023-03/08 16:33:21 INFO  Log:24 - AddressPageTest is Passed
2023-03/08 16:33:21 INFO  Log:21 - ========AddressPageTestTEST END=========
2023-03/08 16:33:25 INFO  Log:18 - ========CheckOutPageTestTEST START==========
2023-03/08 16:33:25 INFO  Log:24 - User successfully entered the username and password
2023-03/08 16:33:26 INFO  Log:24 - User successfully selected the FleeceJacket
2023-03/08 16:33:26 INFO  Log:24 - User clicking the AddToCart 
2023-03/08 16:33:26 INFO  Log:24 - user successfully clickon the checkout
2023-03/08 16:33:34 INFO  Log:18 - ========ShoppingCartPageTestTEST START==========
2023-03/08 16:33:36 INFO  Log:24 - User is successfully clicking the checkout
2023-03/08 16:33:36 INFO  Log:24 - ShoppingCartPageTest is Passed
2023-03/08 16:33:36 INFO  Log:21 - ========ShoppingCartPageTestTEST END=========
2023-03/08 16:33:43 INFO  Log:18 - ========selectJacketTestTEST START==========
2023-03/08 16:33:44 INFO  Log:24 - User successfully selected the Jacket
2023-03/08 16:33:44 INFO  Log:24 - selectJacketTest is passed
2023-03/08 16:33:44 INFO  Log:21 - ========selectJacketTestTEST END=========
2023-03/08 16:33:55 INFO  Log:18 - ========verifyMyLogoTEST START==========
2023-03/08 16:33:56 INFO  Log:24 - User is successfully verify's the Logo
2023-03/08 16:33:56 INFO  Log:21 - ========verifyMyLogoTEST END=========
2023-03/08 16:34:04 INFO  Log:18 - ========AddressPageTestTEST START==========
2023-03/10 15:18:39 INFO  Log:18 - ========loginTestTEST START==========
2023-03/10 15:18:39 INFO  Log:24 - User is going to enter username and password
2023-03/10 15:18:43 INFO  Log:24 - User is successfully entered properties
2023-03/10 15:18:52 INFO  Log:18 - ========loginTestTEST START==========
2023-03/10 15:18:52 INFO  Log:24 - User is going to enter username and password
2023-03/10 15:18:53 INFO  Log:24 - User is successfully entered properties
2023-03/10 15:18:54 INFO  Log:18 - ========loginTestTEST START==========
2023-03/10 15:18:54 INFO  Log:24 - User is going to enter username and password
2023-03/10 15:18:56 INFO  Log:24 - User is successfully entered properties
2023-03/10 15:19:01 INFO  Log:18 - ========loginTestTEST START==========
2023-03/10 15:19:01 INFO  Log:24 - User is going to enter username and password
2023-03/10 15:19:02 INFO  Log:24 - User is successfully entered properties
2023-03/10 15:19:06 INFO  Log:18 - ========loginTestTEST START==========
2023-03/10 15:19:06 INFO  Log:24 - User is going to enter username and password
2023-03/10 15:19:07 INFO  Log:24 - User is successfully entered properties
2023-03/10 15:19:10 INFO  Log:18 - ========loginTestTEST START==========
2023-03/10 15:19:10 INFO  Log:24 - User is going to enter username and password
2023-03/10 15:19:11 INFO  Log:24 - User is successfully entered properties
2023-03/10 15:19:16 INFO  Log:18 - ========AddToCartTestTEST START==========
2023-03/10 15:19:19 INFO  Log:18 - ========loginTestTEST START==========
2023-03/10 15:19:19 INFO  Log:24 - User is going to enter username and password
2023-03/10 15:19:19 INFO  Log:24 - User is successfully entered properties
2023-03/10 15:19:20 INFO  Log:24 - User is successfully clicking the AddtoCart
2023-03/10 15:19:20 INFO  Log:24 - AddToCartTest is Passed
2023-03/10 15:19:20 INFO  Log:21 - ========AddToCartTestTEST END=========
2023-03/10 15:19:25 INFO  Log:18 - ========verifyShoppingCartTEST START==========
2023-03/10 15:19:30 INFO  Log:24 - User successfully verifying the shopping cart
2023-03/10 15:19:30 INFO  Log:24 - verifyShoppingCart is Passed
2023-03/10 15:19:30 INFO  Log:21 - ========verifyShoppingCartTEST END=========
2023-03/10 15:19:32 INFO  Log:18 - ========loginTestTEST START==========
2023-03/10 15:19:32 INFO  Log:24 - User is going to enter username and password
2023-03/10 15:19:34 INFO  Log:24 - User is successfully entered properties
2023-03/10 15:19:42 INFO  Log:18 - ========CheckOutPageTestTEST START==========
2023-03/10 15:19:44 INFO  Log:24 - User successfully entered the username and password
2023-03/10 15:19:44 INFO  Log:24 - User successfully selected the FleeceJacket
2023-03/10 15:19:45 INFO  Log:24 - User clicking the AddToCart 
2023-03/10 15:19:45 INFO  Log:24 - user successfully clickon the checkout
2023-03/10 15:19:46 INFO  Log:18 - ========AddToCartTestTEST START==========
2023-03/10 15:19:47 INFO  Log:24 - User is successfully entered the Address
2023-03/10 15:19:47 INFO  Log:24 - User is successfully click the finish
2023-03/10 15:19:48 INFO  Log:24 - User is successfully verifying the successMSG
2023-03/10 15:19:48 INFO  Log:24 - CheckOutPageTest is Passed
2023-03/10 15:19:48 INFO  Log:21 - ========CheckOutPageTestTEST END=========
2023-03/10 15:19:48 INFO  Log:24 - User is successfully clicking the AddtoCart
2023-03/10 15:19:48 INFO  Log:24 - AddToCartTest is Passed
2023-03/10 15:19:48 INFO  Log:21 - ========AddToCartTestTEST END=========
2023-03/10 15:19:53 INFO  Log:18 - ========ShoppingCartPageTestTEST START==========
2023-03/10 15:19:55 INFO  Log:24 - User is successfully clicking the checkout
2023-03/10 15:19:55 INFO  Log:24 - ShoppingCartPageTest is Passed
2023-03/10 15:19:55 INFO  Log:21 - ========ShoppingCartPageTestTEST END=========
2023-03/10 15:19:59 INFO  Log:18 - ========verifyShoppingCartTEST START==========
2023-03/10 15:20:01 INFO  Log:24 - User successfully verifying the shopping cart
2023-03/10 15:20:01 INFO  Log:24 - verifyShoppingCart is Passed
2023-03/10 15:20:01 INFO  Log:21 - ========verifyShoppingCartTEST END=========
2023-03/10 15:20:01 INFO  Log:18 - ========selectJacketTestTEST START==========
2023-03/10 15:20:02 INFO  Log:24 - User successfully selected the Jacket
2023-03/10 15:20:02 INFO  Log:24 - selectJacketTest is passed
2023-03/10 15:20:02 INFO  Log:21 - ========selectJacketTestTEST END=========
2023-03/10 15:20:08 INFO  Log:18 - ========verifyMyLogoTEST START==========
2023-03/10 15:20:14 INFO  Log:18 - ========CheckOutPageTestTEST START==========
2023-03/10 15:20:15 INFO  Log:24 - User successfully entered the username and password
2023-03/10 15:20:16 INFO  Log:24 - User successfully selected the FleeceJacket
2023-03/10 15:20:16 INFO  Log:24 - User clicking the AddToCart 
2023-03/10 15:20:17 INFO  Log:24 - user successfully clickon the checkout
2023-03/10 15:20:17 INFO  Log:24 - User is successfully verify's the Logo
2023-03/10 15:20:17 INFO  Log:21 - ========verifyMyLogoTEST END=========
2023-03/10 15:20:23 INFO  Log:18 - ========AddressPageTestTEST START==========
2023-03/10 15:20:28 INFO  Log:24 - User is successfully entered Address
2023-03/10 15:20:28 INFO  Log:24 - AddressPageTest is Passed
2023-03/10 15:20:28 INFO  Log:21 - ========AddressPageTestTEST END=========
2023-03/10 15:20:29 INFO  Log:18 - ========ShoppingCartPageTestTEST START==========
2023-03/10 15:20:31 INFO  Log:24 - User is successfully clicking the checkout
2023-03/10 15:20:31 INFO  Log:24 - ShoppingCartPageTest is Passed
2023-03/10 15:20:31 INFO  Log:21 - ========ShoppingCartPageTestTEST END=========
2023-03/10 15:20:39 INFO  Log:18 - ========selectJacketTestTEST START==========
2023-03/10 15:20:40 INFO  Log:24 - User successfully selected the Jacket
2023-03/10 15:20:40 INFO  Log:24 - selectJacketTest is passed
2023-03/10 15:20:40 INFO  Log:21 - ========selectJacketTestTEST END=========
2023-03/10 15:20:48 INFO  Log:18 - ========verifyMyLogoTEST START==========
2023-03/10 15:20:49 INFO  Log:24 - User is successfully verify's the Logo
2023-03/10 15:20:49 INFO  Log:21 - ========verifyMyLogoTEST END=========
2023-03/10 15:21:00 INFO  Log:18 - ========AddressPageTestTEST START==========
2023-03/24 14:38:24 INFO  Log:18 - ========AddToCartTestTEST START==========
2023-03/24 14:38:26 INFO  Log:24 - User is successfully clicking the AddtoCart
2023-03/24 14:38:26 INFO  Log:24 - AddToCartTest is Passed
2023-03/24 14:38:26 INFO  Log:21 - ========AddToCartTestTEST END=========
2023-03/24 14:38:36 INFO  Log:18 - ========CheckOutPageTestTEST START==========
2023-03/24 14:38:36 INFO  Log:24 - User successfully entered the username and password
2023-03/24 14:38:37 INFO  Log:24 - User successfully selected the FleeceJacket
2023-03/24 14:38:37 INFO  Log:24 - User clicking the AddToCart 
2023-03/24 14:38:37 INFO  Log:24 - user successfully clickon the checkout
2023-03/24 14:38:38 INFO  Log:24 - User is successfully entered the Address
2023-03/24 14:38:38 INFO  Log:24 - User is successfully click the finish
2023-03/24 14:38:38 INFO  Log:24 - User is successfully verifying the successMSG
2023-03/24 14:38:38 INFO  Log:24 - CheckOutPageTest is Passed
2023-03/24 14:38:38 INFO  Log:21 - ========CheckOutPageTestTEST END=========
2023-03/24 14:38:43 INFO  Log:18 - ========ShoppingCartPageTestTEST START==========
2023-03/24 14:38:44 INFO  Log:24 - User is successfully clicking the checkout
2023-03/24 14:38:44 INFO  Log:24 - ShoppingCartPageTest is Passed
2023-03/24 14:38:44 INFO  Log:21 - ========ShoppingCartPageTestTEST END=========
2023-03/24 14:38:54 INFO  Log:18 - ========loginTestTEST START==========
2023-03/24 14:38:54 INFO  Log:24 - User is going to enter username and password
2023-03/24 14:38:55 INFO  Log:24 - User is successfully entered properties
2023-03/24 14:39:00 INFO  Log:18 - ========loginTestTEST START==========
2023-03/24 14:39:00 INFO  Log:24 - User is going to enter username and password
2023-03/24 14:39:01 INFO  Log:24 - User is successfully entered properties
2023-03/24 14:39:09 INFO  Log:18 - ========loginTestTEST START==========
2023-03/24 14:39:09 INFO  Log:24 - User is going to enter username and password
2023-03/24 14:39:10 INFO  Log:24 - User is successfully entered properties
2023-03/24 14:39:16 INFO  Log:18 - ========loginTestTEST START==========
2023-03/24 14:39:16 INFO  Log:24 - User is going to enter username and password
2023-03/24 14:39:17 INFO  Log:24 - User is successfully entered properties
2023-03/24 14:39:22 INFO  Log:18 - ========selectJacketTestTEST START==========
2023-03/24 14:39:23 INFO  Log:24 - User successfully selected the Jacket
2023-03/24 14:39:23 INFO  Log:24 - selectJacketTest is passed
2023-03/24 14:39:23 INFO  Log:21 - ========selectJacketTestTEST END=========
2023-03/24 14:39:31 INFO  Log:18 - ========verifyMyLogoTEST START==========
2023-03/24 14:39:32 INFO  Log:24 - User is successfully verify's the Logo
2023-03/24 14:39:32 INFO  Log:21 - ========verifyMyLogoTEST END=========
2023-03/24 14:39:36 INFO  Log:18 - ========AddressPageTestTEST START==========
2023-03/24 14:39:39 INFO  Log:24 - User is successfully entered Address
2023-03/24 14:39:39 INFO  Log:24 - AddressPageTest is Passed
2023-03/24 14:39:39 INFO  Log:21 - ========AddressPageTestTEST END=========
